<?xml version="1.0" encoding="UTF-8"?>
<testsuite name="com.example.demo.Demo1ApplicationTests" tests="1" skipped="0" failures="0" errors="0" timestamp="2023-09-24T04:52:31" hostname="DESKTOP-CDQ99SC" time="0.804">
  <properties/>
  <testcase name="contextLoads()" classname="com.example.demo.Demo1ApplicationTests" time="0.804"/>
  <system-out><![CDATA[13:52:29.264 [Test worker] INFO org.springframework.test.context.support.AnnotationConfigContextLoaderUtils -- Could not detect default configuration classes for test class [com.example.demo.Demo1ApplicationTests]: Demo1ApplicationTests does not declare any static, non-private, non-final, nested classes annotated with @Configuration.
13:52:29.414 [Test worker] INFO org.springframework.boot.test.context.SpringBootTestContextBootstrapper -- Found @SpringBootConfiguration com.example.demo.Demo1Application for test class com.example.demo.Demo1ApplicationTests

  .   ____          _            __ _ _
 /\\ / ___'_ __ _ _(_)_ __  __ _ \ \ \ \
( ( )\___ | '_ | '_| | '_ \/ _` | \ \ \ \
 \\/  ___)| |_)| | | | | || (_| |  ) ) ) )
  '  |____| .__|_| |_|_| |_\__, | / / / /
 =========|_|==============|___/=/_/_/_/
 :: Spring Boot ::                (v3.1.4)

2023-09-24T13:52:29.833+09:00  INFO 12296 --- [    Test worker] com.example.demo.Demo1ApplicationTests   : Starting Demo1ApplicationTests using Java 17.0.8 with PID 12296 (started by su12n in C:\project1\demo-1)
2023-09-24T13:52:29.834+09:00  INFO 12296 --- [    Test worker] com.example.demo.Demo1ApplicationTests   : No active profile set, falling back to 1 default profile: "default"
2023-09-24T13:52:31.268+09:00  INFO 12296 --- [    Test worker] o.s.b.a.w.s.WelcomePageHandlerMapping    : Adding welcome page template: index
2023-09-24T13:52:31.501+09:00  INFO 12296 --- [    Test worker] com.example.demo.Demo1ApplicationTests   : Started Demo1ApplicationTests in 1.909 seconds (process running for 3.112)
]]></system-out>
  <system-err><![CDATA[]]></system-err>
</testsuite>
